Sat Jul 01 2023 5:33:38 [UM] info: Successfully connected to DB
Sat Jul 01 2023 5:33:38 [UM] info: App listening on port 9000
Sat Jul 01 2023 5:33:59 [UM] info: Unhandled Rejection is detected, we are closing our server
Sat Jul 01 2023 5:34:44 [UM] info: Successfully connected to DB
Sat Jul 01 2023 5:34:44 [UM] info: App listening on port 9000
Sat Jul 01 2023 5:34:50 [UM] info: Successfully connected to DB
Sat Jul 01 2023 5:34:50 [UM] info: App listening on port 9000
Sat Jul 01 2023 5:34:54 [UM] info: Unhandled Rejection is detected, we are closing our server
Sat Jul 01 2023 5:36:31 [UM] info: Successfully connected to DB
Sat Jul 01 2023 5:36:31 [UM] info: App listening on port 9000
Sat Jul 01 2023 5:36:35 [UM] info: Unhandled Rejection is detected, we are closing our server
Sat Jul 01 2023 5:37:17 [UM] info: Successfully connected to DB
Sat Jul 01 2023 5:37:17 [UM] info: App listening on port 9000
Sat Jul 01 2023 5:37:21 [UM] info: Unhandled Rejection is detected, we are closing our server
Sat Jul 01 2023 5:38:35 [UM] info: Successfully connected to DB
Sat Jul 01 2023 5:38:35 [UM] info: App listening on port 9000
Sat Jul 01 2023 5:38:38 [UM] info: Unhandled Rejection is detected, we are closing our server
Sat Jul 01 2023 5:42:19 [UM] info: Successfully connected to DB
Sat Jul 01 2023 5:42:19 [UM] info: App listening on port 9000
Sat Jul 01 2023 5:42:25 [UM] info: Successfully connected to DB
Sat Jul 01 2023 5:42:25 [UM] info: App listening on port 9000
Sat Jul 01 2023 5:42:30 [UM] info: Unhandled Rejection is detected, we are closing our server
Sat Jul 01 2023 5:43:23 [UM] info: Successfully connected to DB
Sat Jul 01 2023 5:43:23 [UM] info: App listening on port 9000
Sat Jul 01 2023 5:44:36 [UM] info: Successfully connected to DB
Sat Jul 01 2023 5:44:36 [UM] info: App listening on port 9000
Sat Jul 01 2023 5:44:39 [UM] info: Unhandled Rejection is detected, we are closing our server
Sat Jul 01 2023 5:44:48 [UM] info: Successfully connected to DB
Sat Jul 01 2023 5:44:48 [UM] info: App listening on port 9000
Sat Jul 01 2023 5:44:55 [UM] info: Successfully connected to DB
Sat Jul 01 2023 5:44:55 [UM] info: App listening on port 9000
Sat Jul 01 2023 5:44:58 [UM] info: Uncaught exception is detected......
Sat Jul 01 2023 5:45:11 [UM] info: Successfully connected to DB
Sat Jul 01 2023 5:45:11 [UM] info: App listening on port 9000
Sat Jul 01 2023 5:45:14 [UM] info: Uncaught exception is detected......
Sat Jul 01 2023 5:45:46 [UM] info: Successfully connected to DB
Sat Jul 01 2023 5:45:46 [UM] info: App listening on port 9000
Sat Jul 01 2023 5:45:52 [UM] info: SIGTERM
Sat Jul 01 2023 5:55:2 [UM] info: Successfully connected to DB
Sat Jul 01 2023 5:55:2 [UM] info: App listening on port 9000
Sat Jul 01 2023 5:55:10 [UM] info: Unhandled Rejection is detected, we are closing our server
